<?xml version="1.0" encoding="UTF-8"?>
<testsuite xmlns:xsi="http://www.w3.org/2001/XMLSchema-instance" xsi:schemaLocation="https://maven.apache.org/surefire/maven-surefire-plugin/xsd/surefire-test-report.xsd" name="Selenium.Simple2.Login" time="57.843" tests="2" errors="2" skipped="0" failures="0">
  <properties>
    <property name="java.runtime.name" value="Java(TM) SE Runtime Environment"/>
    <property name="sun.boot.library.path" value="C:\Program Files\Java\jdk1.8.0_111\jre\bin"/>
    <property name="java.vm.version" value="25.111-b14"/>
    <property name="java.vm.vendor" value="Oracle Corporation"/>
    <property name="maven.multiModuleProjectDirectory" value="C:\Users\adzik\workspace\Simple2"/>
    <property name="java.vendor.url" value="http://java.oracle.com/"/>
    <property name="path.separator" value=";"/>
    <property name="guice.disable.misplaced.annotation.check" value="true"/>
    <property name="java.vm.name" value="Java HotSpot(TM) 64-Bit Server VM"/>
    <property name="file.encoding.pkg" value="sun.io"/>
    <property name="user.script" value=""/>
    <property name="user.country" value="PL"/>
    <property name="sun.java.launcher" value="SUN_STANDARD"/>
    <property name="sun.os.patch.level" value=""/>
    <property name="java.vm.specification.name" value="Java Virtual Machine Specification"/>
    <property name="user.dir" value="C:\Users\adzik\workspace\Simple2"/>
    <property name="java.runtime.version" value="1.8.0_111-b14"/>
    <property name="java.awt.graphicsenv" value="sun.awt.Win32GraphicsEnvironment"/>
    <property name="java.endorsed.dirs" value="C:\Program Files\Java\jdk1.8.0_111\jre\lib\endorsed"/>
    <property name="os.arch" value="amd64"/>
    <property name="java.io.tmpdir" value="C:\Users\adzik\AppData\Local\Temp\"/>
    <property name="line.separator" value="&#10;"/>
    <property name="java.vm.specification.vendor" value="Oracle Corporation"/>
    <property name="user.variant" value=""/>
    <property name="os.name" value="Windows 10"/>
    <property name="classworlds.conf" value="C:\Users\adzik\workspace\.metadata\.plugins\org.eclipse.m2e.launching\launches\m2conf4947819939719091003.tmp"/>
    <property name="sun.jnu.encoding" value="Cp1250"/>
    <property name="java.library.path" value="C:\Program Files\Java\jdk1.8.0_111\bin;C:\WINDOWS\Sun\Java\bin;C:\WINDOWS\system32;C:\WINDOWS;C:/Program Files/Java/jre1.8.0_111/bin/server;C:/Program Files/Java/jre1.8.0_111/bin;C:/Program Files/Java/jre1.8.0_111/lib/amd64;C:\ProgramData\Oracle\Java\javapath;C:\Program Files (x86)\Intel\iCLS Client\;C:\Program Files\Intel\iCLS Client\;C:\WINDOWS\system32;C:\WINDOWS;C:\WINDOWS\System32\Wbem;C:\WINDOWS\System32\WindowsPowerShell\v1.0\;C:\Program Files (x86)\Intel\Intel(R) Management Engine Components\DAL;C:\Program Files\Intel\Intel(R) Management Engine Components\DAL;C:\Program Files (x86)\Intel\Intel(R) Management Engine Components\IPT;C:\Program Files\Intel\Intel(R) Management Engine Components\IPT;C:\Program Files (x86)\Skype\Phone\;C:\Program Files\TortoiseSVN\bin;C:\Program Files\Git\cmd;C:\Program Files (x86)\Windows Live\Shared;C:\Program Files\nodejs\;C:\Python27;C:\Users\adzik\AppData\Local\Android\android-sdk\\tools\;C:\Users\adzik\AppData\Local\Android\android-sdk\\platform-tools\;C:\ProgramData\chocolatey\bin;C:\xampp\php;C:\ProgramData\ComposerSetup\bin;C:\Users\adzik\AppData\Roaming\npm;C:\Users\adzik\AppData\Local\Microsoft\WindowsApps;C:\Users\adzik\AppData\Roaming\Composer\vendor\bin;C:\Users\adzik\Desktop;;."/>
    <property name="java.specification.name" value="Java Platform API Specification"/>
    <property name="java.class.version" value="52.0"/>
    <property name="sun.management.compiler" value="HotSpot 64-Bit Tiered Compilers"/>
    <property name="os.version" value="10.0"/>
    <property name="user.home" value="C:\Users\adzik"/>
    <property name="user.timezone" value="Europe/Belgrade"/>
    <property name="java.awt.printerjob" value="sun.awt.windows.WPrinterJob"/>
    <property name="java.specification.version" value="1.8"/>
    <property name="file.encoding" value="Cp1250"/>
    <property name="user.name" value="adzik"/>
    <property name="java.class.path" value="/C:/Users/adzik/eclipse/jee-neon/eclipse/../../../.p2/pool/plugins/org.eclipse.m2e.maven.runtime_1.7.0.20160603-1931/jars/plexus-classworlds-2.5.2.jar"/>
    <property name="java.vm.specification.version" value="1.8"/>
    <property name="sun.arch.data.model" value="64"/>
    <property name="java.home" value="C:\Program Files\Java\jdk1.8.0_111\jre"/>
    <property name="sun.java.command" value="org.codehaus.plexus.classworlds.launcher.Launcher -Dsurefire-report=report -B clean test"/>
    <property name="java.specification.vendor" value="Oracle Corporation"/>
    <property name="user.language" value="pl"/>
    <property name="awt.toolkit" value="sun.awt.windows.WToolkit"/>
    <property name="java.vm.info" value="mixed mode"/>
    <property name="java.version" value="1.8.0_111"/>
    <property name="java.ext.dirs" value="C:\Program Files\Java\jdk1.8.0_111\jre\lib\ext;C:\WINDOWS\Sun\Java\lib\ext"/>
    <property name="sun.boot.class.path" value="C:\Program Files\Java\jdk1.8.0_111\jre\lib\resources.jar;C:\Program Files\Java\jdk1.8.0_111\jre\lib\rt.jar;C:\Program Files\Java\jdk1.8.0_111\jre\lib\sunrsasign.jar;C:\Program Files\Java\jdk1.8.0_111\jre\lib\jsse.jar;C:\Program Files\Java\jdk1.8.0_111\jre\lib\jce.jar;C:\Program Files\Java\jdk1.8.0_111\jre\lib\charsets.jar;C:\Program Files\Java\jdk1.8.0_111\jre\lib\jfr.jar;C:\Program Files\Java\jdk1.8.0_111\jre\classes"/>
    <property name="surefire-report" value="report"/>
    <property name="java.vendor" value="Oracle Corporation"/>
    <property name="maven.home" value="C:\Users\adzik\workspace\Simple2\EMBEDDED"/>
    <property name="file.separator" value="\"/>
    <property name="java.vendor.url.bug" value="http://bugreport.sun.com/bugreport/"/>
    <property name="sun.cpu.endian" value="little"/>
    <property name="sun.io.unicode.encoding" value="UnicodeLittle"/>
    <property name="sun.desktop" value="windows"/>
    <property name="sun.cpu.isalist" value="amd64"/>
  </properties>
  <testcase name="inValid_UserCredential" classname="Selenium.Simple2.Login" time="0.185">
    <error type="java.lang.NullPointerException">java.lang.NullPointerException
	at Selenium.Simple2.Login.inValid_UserCredential(Login.java:51)
</error>
    <system-out><![CDATA[--------- wewnatrz setup AT Before Class
--------- wewnatrz init
Starting test inValid_UserCredential
]]></system-out>
  </testcase>
  <testcase name="valid_UserCredential" classname="Selenium.Simple2.Login" time="57.006">
    <error message="Unable to locate element: #log&#10;For documentation on this error, please visit: http://seleniumhq.org/exceptions/no_such_element.html&#10;Build info: version: &apos;3.0.1&apos;, revision: &apos;1969d75&apos;, time: &apos;2016-10-18 09:49:13 -0700&apos;&#10;System info: host: &apos;DESKTOP-7CTVP2D&apos;, ip: &apos;192.168.56.1&apos;, os.name: &apos;Windows 10&apos;, os.arch: &apos;amd64&apos;, os.version: &apos;10.0&apos;, java.version: &apos;1.8.0_111&apos;&#10;Driver info: org.openqa.selenium.firefox.FirefoxDriver&#10;Capabilities [{rotatable=false, raisesAccessibilityExceptions=false, marionette=true, firefoxOptions={args=[], profile=UEsDBBQACAgIAANYaEoAAAAAAAAAAAAAAAAHAAAAdXNlci5qc51WTW/bMAy971cMOW3AKqTretlOXdcBA4Z1aFDsKMgSbauRJU0fcfPvR/mjSRNHbndKbJMS+fj4yOjBUeugfLconGnxiXhWQvdf6oo0TLXMAQHNCgVi8eFtyZSH91/exJ2nYAFtrHEhudTAVKj7Z4JGG8ln/DWE1rg1qUOwxNbS19uz9Nky788U6CrU6Pjx8vK52xiwAybwR0AAHkB8l86HK4yFK0C34OJhuKbBvB4pr51pgHrupA3URU2DbJLLxXL6osAKTxAOfauvlfEwnc1oLUyrlWEC79KsSsDWpv1Tg14hWgmpaXeLQdng02W0MYKpGexhE4xRnoBzxnGjvVH7cB+n72WljUbUGmgKcKvu0edz8eC9RKtgkAsOfETcSgyUcsd8nfdVUq+JsaApPAZwmqlUzFczqExlvYt6+rIWCuHkBp8Z54DljBoz90gHysEFP4nEU6Wkt4ptQdycL1e/DDInlfbTtDG+Erf6j9RYX3++JBIvMvd3P9FjwQoTw+dCMb1eHHOuT4gypeiDRzBSnLKH/ji2RysRbrQlbS0DKOkDHvA3SneKCYkGaxnI0E0j6zC5xIUsAIphYbAB8lTzibfRkhq7xuLZtAXFUwdFl0q6OEg5VVt3rCHRYoGBaIS23N6jyat1JNrUSjfZ8IBHJ8MWmaIA/xEfnOSBGicrqak1SvJtnqoaWmw7MuSTqeazQPuTSXq5ikUju1b53b286sj4Mt2cPCab8VN3DoVJRUHLE+q160NMs+34e9yIpizRDs6YtZ4g+0xLiy0VULKowrScjLBzbwf+TEd7zIcs20Y6I/dRqYLbkl4ZO/uPc7bZo0dEbu5/XpELwnZFOk7vgW1YPyGyonpYirFH8jw6jtvBQzfEspf0NE3H5/PcQ5zFYL71SrDiSIIkOufLUxran0o1C/hIYQN6RkH3JuMtMmw2nEIZvu407UWF8sAcrwfazE3dhvTkJiI2Nls0JPmLqPiMLwYBclJMC+qRBh2Kz8X05tOL9dnYfciiEGdG8mB7QlmGFWd+t9kbnL4b67vBiQoUO6nOIpeYNR3EXuuYftJ1K9APfd1vKSeXs2Fk0U6sBMKoK5rkf4YkNeC05DXw9bder772X14/zQgTQqaI2cwgmNyZ/3dXVqaq0sthictK/14vdRlfozRitxZSJfZpWdVBnRh2e67jjf+jbHRsBNLgWtgRcZFWSQcHGO02mbR5IrFxf5xZZXZ9r0ofbb8B7JaMf1BLBwh1hce1pQMAALUMAABQSwECFAAUAAgICAADWGhKdYXHtaUDAAC1DAAABwAAAAAAAAAAAAAAAAAAAAAAdXNlci5qc1BLBQYAAAAAAQABADUAAADaAwAAAAA=}, appBuildId=20161031133903, version=, platform=XP, proxy={}, command_id=1, specificationLevel=0, acceptSslCerts=false, browserVersion=47.0.2, platformVersion=10.0, XULappId={ec8030f7-c20a-464f-9b0e-13a3a9e97384}, browserName=Firefox, takesScreenshot=true, takesElementScreenshot=true, platformName=Windows_NT, device=desktop}]&#10;Session ID: 83134330-cb92-46a5-b156-98167ec7c85c&#10;*** Element info: {Using=id, value=log}" type="org.openqa.selenium.NoSuchElementException">org.openqa.selenium.NoSuchElementException: 
Unable to locate element: #log
For documentation on this error, please visit: http://seleniumhq.org/exceptions/no_such_element.html
Build info: version: '3.0.1', revision: '1969d75', time: '2016-10-18 09:49:13 -0700'
System info: host: 'DESKTOP-7CTVP2D', ip: '192.168.56.1', os.name: 'Windows 10', os.arch: 'amd64', os.version: '10.0', java.version: '1.8.0_111'
Driver info: org.openqa.selenium.firefox.FirefoxDriver
Capabilities [{rotatable=false, raisesAccessibilityExceptions=false, marionette=true, firefoxOptions={args=[], profile=UEsDBBQACAgIAANYaEoAAAAAAAAAAAAAAAAHAAAAdXNlci5qc51WTW/bMAy971cMOW3AKqTretlOXdcBA4Z1aFDsKMgSbauRJU0fcfPvR/mjSRNHbndKbJMS+fj4yOjBUeugfLconGnxiXhWQvdf6oo0TLXMAQHNCgVi8eFtyZSH91/exJ2nYAFtrHEhudTAVKj7Z4JGG8ln/DWE1rg1qUOwxNbS19uz9Nky788U6CrU6Pjx8vK52xiwAybwR0AAHkB8l86HK4yFK0C34OJhuKbBvB4pr51pgHrupA3URU2DbJLLxXL6osAKTxAOfauvlfEwnc1oLUyrlWEC79KsSsDWpv1Tg14hWgmpaXeLQdng02W0MYKpGexhE4xRnoBzxnGjvVH7cB+n72WljUbUGmgKcKvu0edz8eC9RKtgkAsOfETcSgyUcsd8nfdVUq+JsaApPAZwmqlUzFczqExlvYt6+rIWCuHkBp8Z54DljBoz90gHysEFP4nEU6Wkt4ptQdycL1e/DDInlfbTtDG+Erf6j9RYX3++JBIvMvd3P9FjwQoTw+dCMb1eHHOuT4gypeiDRzBSnLKH/ji2RysRbrQlbS0DKOkDHvA3SneKCYkGaxnI0E0j6zC5xIUsAIphYbAB8lTzibfRkhq7xuLZtAXFUwdFl0q6OEg5VVt3rCHRYoGBaIS23N6jyat1JNrUSjfZ8IBHJ8MWmaIA/xEfnOSBGicrqak1SvJtnqoaWmw7MuSTqeazQPuTSXq5ikUju1b53b286sj4Mt2cPCab8VN3DoVJRUHLE+q160NMs+34e9yIpizRDs6YtZ4g+0xLiy0VULKowrScjLBzbwf+TEd7zIcs20Y6I/dRqYLbkl4ZO/uPc7bZo0dEbu5/XpELwnZFOk7vgW1YPyGyonpYirFH8jw6jtvBQzfEspf0NE3H5/PcQ5zFYL71SrDiSIIkOufLUxran0o1C/hIYQN6RkH3JuMtMmw2nEIZvu407UWF8sAcrwfazE3dhvTkJiI2Nls0JPmLqPiMLwYBclJMC+qRBh2Kz8X05tOL9dnYfciiEGdG8mB7QlmGFWd+t9kbnL4b67vBiQoUO6nOIpeYNR3EXuuYftJ1K9APfd1vKSeXs2Fk0U6sBMKoK5rkf4YkNeC05DXw9bder772X14/zQgTQqaI2cwgmNyZ/3dXVqaq0sthictK/14vdRlfozRitxZSJfZpWdVBnRh2e67jjf+jbHRsBNLgWtgRcZFWSQcHGO02mbR5IrFxf5xZZXZ9r0ofbb8B7JaMf1BLBwh1hce1pQMAALUMAABQSwECFAAUAAgICAADWGhKdYXHtaUDAAC1DAAABwAAAAAAAAAAAAAAAAAAAAAAdXNlci5qc1BLBQYAAAAAAQABADUAAADaAwAAAAA=}, appBuildId=20161031133903, version=, platform=XP, proxy={}, command_id=1, specificationLevel=0, acceptSslCerts=false, browserVersion=47.0.2, platformVersion=10.0, XULappId={ec8030f7-c20a-464f-9b0e-13a3a9e97384}, browserName=Firefox, takesScreenshot=true, takesElementScreenshot=true, platformName=Windows_NT, device=desktop}]
Session ID: 83134330-cb92-46a5-b156-98167ec7c85c
*** Element info: {Using=id, value=log}
	at Selenium.Simple2.Login.valid_UserCredential(Login.java:28)
</error>
    <system-out><![CDATA[--------- wewnatrz setup AT Before Class
--------- wewnatrz init
Starting test valid_UserCredential
]]></system-out>
    <system-err><![CDATA[1488967206781	geckodriver	INFO	Listening on 127.0.0.1:45952
mar 08, 2017 11:00:07 AM org.openqa.selenium.remote.ProtocolHandshake createSession
INFO: Attempting bi-dialect session, assuming Postel's Law holds true on the remote end
1488967207454	mozprofile::profile	INFO	Using profile path C:\Users\adzik\AppData\Local\Temp\rust_mozprofile.Jv5w0kaw8lh6
1488967207476	geckodriver::marionette	INFO	Starting browser C:\Program Files\Mozilla Firefox\firefox.exe
1488967207489	geckodriver::marionette	INFO	Connecting to Marionette on localhost:52539
1488967207861	addons.manager	DEBUG	Application has been upgraded
1488967207907	addons.manager	DEBUG	Loaded provider scope for resource://gre/modules/addons/XPIProvider.jsm: ["XPIProvider"]
1488967207911	addons.manager	DEBUG	Loaded provider scope for resource://gre/modules/LightweightThemeManager.jsm: ["LightweightThemeManager"]
1488967207921	addons.manager	DEBUG	Loaded provider scope for resource://gre/modules/addons/GMPProvider.jsm
1488967207929	addons.manager	DEBUG	Loaded provider scope for resource://gre/modules/addons/PluginProvider.jsm
1488967207934	addons.manager	DEBUG	Starting provider: XPIProvider
1488967207935	addons.xpi	DEBUG	startup
1488967207939	addons.xpi	INFO	SystemAddonInstallLocation directory is missing
1488967207941	addons.xpi	INFO	Mapping e10srollout@mozilla.org to C:\Program Files\Mozilla Firefox\browser\features\e10srollout@mozilla.org.xpi
1488967207945	addons.xpi	INFO	Mapping firefox@getpocket.com to C:\Program Files\Mozilla Firefox\browser\features\firefox@getpocket.com.xpi
1488967207949	addons.xpi	INFO	Mapping loop@mozilla.org to C:\Program Files\Mozilla Firefox\browser\features\loop@mozilla.org.xpi
1488967207950	addons.xpi	INFO	Mapping websensehelper@mozilla.org to C:\Program Files\Mozilla Firefox\browser\features\websensehelper@mozilla.org.xpi
1488967207951	addons.xpi	INFO	Mapping {972ce4c6-7e08-4474-a285-3208198ce6fd} to C:\Program Files\Mozilla Firefox\browser\extensions\{972ce4c6-7e08-4474-a285-3208198ce6fd}.xpi
1488967207952	addons.xpi	DEBUG	checkForChanges
1488967207953	addons.xpi	DEBUG	Loaded add-on state from prefs: {}
1488967207954	addons.xpi	DEBUG	New add-on e10srollout@mozilla.org in app-system-defaults
1488967207955	addons.xpi	DEBUG	getModTime: Recursive scan of e10srollout@mozilla.org
1488967207956	addons.xpi	DEBUG	New add-on firefox@getpocket.com in app-system-defaults
1488967207957	addons.xpi	DEBUG	getModTime: Recursive scan of firefox@getpocket.com
1488967207959	addons.xpi	DEBUG	New add-on loop@mozilla.org in app-system-defaults
1488967207961	addons.xpi	DEBUG	getModTime: Recursive scan of loop@mozilla.org
1488967207963	addons.xpi	DEBUG	New add-on websensehelper@mozilla.org in app-system-defaults
1488967207964	addons.xpi	DEBUG	getModTime: Recursive scan of websensehelper@mozilla.org
1488967207966	addons.xpi	DEBUG	New add-on {972ce4c6-7e08-4474-a285-3208198ce6fd} in app-global
1488967207970	addons.xpi	DEBUG	getModTime: Recursive scan of {972ce4c6-7e08-4474-a285-3208198ce6fd}
1488967207972	addons.xpi	DEBUG	getInstallState changed: true, state: {"app-system-defaults":{"e10srollout@mozilla.org":{"d":"C:\\Program Files\\Mozilla Firefox\\browser\\features\\e10srollout@mozilla.org.xpi","st":1479554617778},"firefox@getpocket.com":{"d":"C:\\Program Files\\Mozilla Firefox\\browser\\features\\firefox@getpocket.com.xpi","st":1479554617773},"loop@mozilla.org":{"d":"C:\\Program Files\\Mozilla Firefox\\browser\\features\\loop@mozilla.org.xpi","st":1479554617702},"websensehelper@mozilla.org":{"d":"C:\\Program Files\\Mozilla Firefox\\browser\\features\\websensehelper@mozilla.org.xpi","st":1479554617509}},"app-global":{"{972ce4c6-7e08-4474-a285-3208198ce6fd}":{"d":"C:\\Program Files\\Mozilla Firefox\\browser\\extensions\\{972ce4c6-7e08-4474-a285-3208198ce6fd}.xpi","st":1479554617783}}}
1488967207994	addons.xpi-utils	DEBUG	Opening XPI database C:\Users\adzik\AppData\Local\Temp\rust_mozprofile.Jv5w0kaw8lh6\extensions.json
1488967208000	addons.xpi-utils	DEBUG	New add-on e10srollout@mozilla.org installed in app-system-defaults
*** Blocklist::_loadBlocklistFromFile: blocklist is disabled
1488967208020	DeferredSave.extensions.json	DEBUG	Save changes
1488967208021	addons.xpi-utils	DEBUG	New add-on firefox@getpocket.com installed in app-system-defaults
1488967208028	DeferredSave.extensions.json	DEBUG	Starting timer
1488967208030	DeferredSave.extensions.json	DEBUG	Save changes
1488967208031	addons.xpi-utils	DEBUG	New add-on loop@mozilla.org installed in app-system-defaults
1488967208042	DeferredSave.extensions.json	DEBUG	Save changes
1488967208042	addons.xpi-utils	DEBUG	New add-on websensehelper@mozilla.org installed in app-system-defaults
1488967208050	DeferredSave.extensions.json	DEBUG	Save changes
1488967208052	addons.xpi-utils	DEBUG	New add-on {972ce4c6-7e08-4474-a285-3208198ce6fd} installed in app-global
1488967208059	DeferredSave.extensions.json	DEBUG	Save changes
1488967208059	addons.xpi-utils	INFO	Hiding the updated system add-ons.
1488967208068	addons.xpi	DEBUG	Loading bootstrap scope from C:\Program Files\Mozilla Firefox\browser\features\e10srollout@mozilla.org.xpi
1488967208079	addons.xpi	DEBUG	Calling bootstrap method install on e10srollout@mozilla.org version 1.0
1488967208080	addons.xpi-utils	DEBUG	Make addon app-system-defaults:e10srollout@mozilla.org visible
1488967208081	DeferredSave.extensions.json	DEBUG	Save changes
1488967208082	addons.xpi	DEBUG	Loading bootstrap scope from C:\Program Files\Mozilla Firefox\browser\features\firefox@getpocket.com.xpi
1488967208094	addons.xpi	DEBUG	Calling bootstrap method install on firefox@getpocket.com version 1.0.2
1488967208094	addons.xpi-utils	DEBUG	Make addon app-system-defaults:firefox@getpocket.com visible
1488967208095	DeferredSave.extensions.json	DEBUG	Save changes
1488967208099	addons.xpi	DEBUG	Loading bootstrap scope from C:\Program Files\Mozilla Firefox\browser\features\loop@mozilla.org.xpi
1488967208141	addons.xpi	DEBUG	Calling bootstrap method install on loop@mozilla.org version 1.3.2
1488967208142	addons.xpi-utils	DEBUG	Make addon app-system-defaults:loop@mozilla.org visible
1488967208142	DeferredSave.extensions.json	DEBUG	Save changes
1488967208144	addons.xpi	DEBUG	Loading bootstrap scope from C:\Program Files\Mozilla Firefox\browser\features\websensehelper@mozilla.org.xpi
1488967208154	addons.xpi	DEBUG	Calling bootstrap method install on websensehelper@mozilla.org version 1.0
1488967208155	addons.xpi-utils	DEBUG	Make addon app-system-defaults:websensehelper@mozilla.org visible
1488967208156	DeferredSave.extensions.json	DEBUG	Save changes
1488967208156	addons.xpi-utils	DEBUG	Make addon app-global:{972ce4c6-7e08-4474-a285-3208198ce6fd} visible
1488967208158	DeferredSave.extensions.json	DEBUG	Save changes
1488967208158	addons.xpi	DEBUG	Updating XPIState for {"id":"e10srollout@mozilla.org","syncGUID":"OLtzpzpkytH-","location":"app-system-defaults","version":"1.0","type":"extension","internalName":null,"updateURL":null,"updateKey":null,"optionsURL":null,"optionsType":null,"aboutURL":null,"icons":{},"iconURL":null,"icon64URL":null,"defaultLocale":{"name":"Multi-process staged rollout","description":"Staged rollout of Firefox multi-process feature.","creator":null,"homepageURL":null},"visible":true,"active":true,"userDisabled":false,"appDisabled":false,"descriptor":"C:\\Program Files\\Mozilla Firefox\\browser\\features\\e10srollout@mozilla.org.xpi","installDate":1479554617778,"updateDate":1479554617778,"applyBackgroundUpdates":1,"bootstrap":true,"skinnable":false,"size":4584,"sourceURI":null,"releaseNotesURI":null,"softDisabled":false,"foreignInstall":false,"hasBinaryComponents":false,"strictCompatibility":false,"locales":[],"targetApplications":[{"id":"{ec8030f7-c20a-464f-9b0e-13a3a9e97384}","minVersion":"47.0.2","maxVersion":"47.0.2"}],"targetPlatforms":[],"multiprocessCompatible":false,"seen":true}
1488967208159	addons.xpi	DEBUG	getModTime: Recursive scan of e10srollout@mozilla.org
1488967208160	addons.xpi	DEBUG	Updating XPIState for {"id":"firefox@getpocket.com","syncGUID":"rTpii1qQvq2i","location":"app-system-defaults","version":"1.0.2","type":"extension","internalName":null,"updateURL":null,"updateKey":null,"optionsURL":null,"optionsType":null,"aboutURL":null,"icons":{},"iconURL":null,"icon64URL":null,"defaultLocale":{"name":"Pocket","description":"When you find something you want to view later, put it in Pocket.","creator":null,"homepageURL":null},"visible":true,"active":true,"userDisabled":false,"appDisabled":false,"descriptor":"C:\\Program Files\\Mozilla Firefox\\browser\\features\\firefox@getpocket.com.xpi","installDate":1479554617773,"updateDate":1479554617773,"applyBackgroundUpdates":1,"bootstrap":true,"skinnable":false,"size":894467,"sourceURI":null,"releaseNotesURI":null,"softDisabled":false,"foreignInstall":false,"hasBinaryComponents":false,"strictCompatibility":false,"locales":[],"targetApplications":[{"id":"{ec8030f7-c20a-464f-9b0e-13a3a9e97384}","minVersion":"47.0.2","maxVersion":"47.0.2"}],"targetPlatforms":[],"multiprocessCompatible":false,"seen":true}
1488967208161	addons.xpi	DEBUG	getModTime: Recursive scan of firefox@getpocket.com
1488967208162	addons.xpi	DEBUG	Updating XPIState for {"id":"loop@mozilla.org","syncGUID":"t-WuuYDZ-G0m","location":"app-system-defaults","version":"1.3.2","type":"extension","internalName":null,"updateURL":null,"updateKey":null,"optionsURL":null,"optionsType":null,"aboutURL":null,"icons":{},"iconURL":null,"icon64URL":null,"defaultLocale":{"name":"Firefox Hello","description":"Web sharing for Firefox","creator":"Mozilla","homepageURL":null},"visible":true,"active":true,"userDisabled":false,"appDisabled":false,"descriptor":"C:\\Program Files\\Mozilla Firefox\\browser\\features\\loop@mozilla.org.xpi","installDate":1479554617702,"updateDate":1479554617702,"applyBackgroundUpdates":1,"bootstrap":true,"skinnable":false,"size":4234949,"sourceURI":null,"releaseNotesURI":null,"softDisabled":false,"foreignInstall":false,"hasBinaryComponents":false,"strictCompatibility":false,"locales":[],"targetApplications":[{"id":"{ec8030f7-c20a-464f-9b0e-13a3a9e97384}","minVersion":"46.0a1","maxVersion":"47.*"},{"id":"xpcshell@tests.mozilla.org","minVersion":"0","maxVersion":"10"}],"targetPlatforms":[],"multiprocessCompatible":false,"seen":true}
1488967208163	addons.xpi	DEBUG	getModTime: Recursive scan of loop@mozilla.org
1488967208164	addons.xpi	DEBUG	Updating XPIState for {"id":"websensehelper@mozilla.org","syncGUID":"phui56SAkfPw","location":"app-system-defaults","version":"1.0","type":"extension","internalName":null,"updateURL":null,"updateKey":null,"optionsURL":null,"optionsType":null,"aboutURL":null,"icons":{},"iconURL":null,"icon64URL":null,"defaultLocale":{"name":"Websense Helper","description":"Checks for the non-presence of Websense to allow updates to happen.","creator":null,"homepageURL":null},"visible":true,"active":true,"userDisabled":false,"appDisabled":false,"descriptor":"C:\\Program Files\\Mozilla Firefox\\browser\\features\\websensehelper@mozilla.org.xpi","installDate":1479554617509,"updateDate":1479554617509,"applyBackgroundUpdates":1,"bootstrap":true,"skinnable":false,"size":3110,"sourceURI":null,"releaseNotesURI":null,"softDisabled":false,"foreignInstall":false,"hasBinaryComponents":false,"strictCompatibility":false,"locales":[],"targetApplications":[{"id":"{ec8030f7-c20a-464f-9b0e-13a3a9e97384}","minVersion":"47.0.2","maxVersion":"47.*"}],"targetPlatforms":[],"multiprocessCompatible":false,"seen":true}
1488967208164	addons.xpi	DEBUG	getModTime: Recursive scan of websensehelper@mozilla.org
1488967208166	addons.xpi	DEBUG	Updating XPIState for {"id":"{972ce4c6-7e08-4474-a285-3208198ce6fd}","syncGUID":"0CM4x40hZUgv","location":"app-global","version":"47.0.2","type":"theme","internalName":"classic/1.0","updateURL":null,"updateKey":null,"optionsURL":null,"optionsType":null,"aboutURL":null,"icons":{"32":"icon.png","48":"icon.png"},"iconURL":null,"icon64URL":null,"defaultLocale":{"name":"Default","description":"The default theme.","creator":"Mozilla","homepageURL":null,"contributors":["Mozilla Contributors"]},"visible":true,"active":true,"userDisabled":false,"appDisabled":false,"descriptor":"C:\\Program Files\\Mozilla Firefox\\browser\\extensions\\{972ce4c6-7e08-4474-a285-3208198ce6fd}.xpi","installDate":1479554617783,"updateDate":1479554617783,"applyBackgroundUpdates":1,"skinnable":true,"size":22012,"sourceURI":null,"releaseNotesURI":null,"softDisabled":false,"foreignInstall":false,"hasBinaryComponents":false,"strictCompatibility":true,"locales":[],"targetApplications":[{"id":"{ec8030f7-c20a-464f-9b0e-13a3a9e97384}","minVersion":"47.0.2","maxVersion":"47.0.2"}],"targetPlatforms":[],"seen":true}
1488967208166	addons.xpi	DEBUG	getModTime: Recursive scan of {972ce4c6-7e08-4474-a285-3208198ce6fd}
1488967208168	DeferredSave.extensions.json	DEBUG	Save changes
1488967208168	addons.xpi	DEBUG	Updating database with changes to installed add-ons
1488967208168	addons.xpi-utils	DEBUG	Updating add-on states
1488967208169	addons.xpi-utils	DEBUG	Writing add-ons list
1488967208179	addons.xpi	DEBUG	Registering manifest for C:\Program Files\Mozilla Firefox\browser\features\e10srollout@mozilla.org.xpi
1488967208180	addons.xpi	DEBUG	Calling bootstrap method startup on e10srollout@mozilla.org version 1.0
1488967208180	addons.xpi	DEBUG	Registering manifest for C:\Program Files\Mozilla Firefox\browser\features\firefox@getpocket.com.xpi
1488967208181	addons.xpi	DEBUG	Calling bootstrap method startup on firefox@getpocket.com version 1.0.2
1488967208183	addons.xpi	DEBUG	Registering manifest for C:\Program Files\Mozilla Firefox\browser\features\loop@mozilla.org.xpi
1488967208184	addons.xpi	DEBUG	Calling bootstrap method startup on loop@mozilla.org version 1.3.2
1488967208217	addons.xpi	DEBUG	Registering manifest for C:\Program Files\Mozilla Firefox\browser\features\websensehelper@mozilla.org.xpi
1488967208218	addons.xpi	DEBUG	Calling bootstrap method startup on websensehelper@mozilla.org version 1.0
1488967208224	addons.manager	DEBUG	Registering shutdown blocker for XPIProvider
1488967208224	addons.manager	DEBUG	Provider finished startup: XPIProvider
1488967208224	addons.manager	DEBUG	Starting provider: LightweightThemeManager
1488967208224	addons.manager	DEBUG	Registering shutdown blocker for LightweightThemeManager
1488967208225	addons.manager	DEBUG	Provider finished startup: LightweightThemeManager
1488967208396	addons.manager	DEBUG	Starting provider: GMPProvider
1488967208425	addons.manager	DEBUG	Registering shutdown blocker for GMPProvider
1488967208426	addons.manager	DEBUG	Provider finished startup: GMPProvider
1488967208426	addons.manager	DEBUG	Starting provider: PluginProvider
1488967208426	addons.manager	DEBUG	Registering shutdown blocker for PluginProvider
1488967208427	addons.manager	DEBUG	Provider finished startup: PluginProvider
1488967208427	addons.manager	DEBUG	Completed startup sequence
1488967208792	Marionette	INFO	Listening on port 52539
1488967209295	addons.manager	DEBUG	Starting provider: <unnamed-provider>
1488967209296	addons.manager	DEBUG	Registering shutdown blocker for <unnamed-provider>
1488967209296	addons.manager	DEBUG	Provider finished startup: <unnamed-provider>
1488967209325	addons.manager	DEBUG	Starting provider: PreviousExperimentProvider
1488967209325	addons.manager	DEBUG	Registering shutdown blocker for PreviousExperimentProvider
1488967209326	addons.manager	DEBUG	Provider finished startup: PreviousExperimentProvider
1488967209328	DeferredSave.extensions.json	DEBUG	Starting write
1488967209707	DeferredSave.extensions.json	DEBUG	Write succeeded
1488967209708	addons.xpi-utils	DEBUG	XPI Database saved, setting schema version preference to 17
mar 08, 2017 11:00:10 AM org.openqa.selenium.remote.ProtocolHandshake createSession
INFO: Detected dialect: W3C
]]></system-err>
  </testcase>
</testsuite>